# JRE version: OpenJDK Runtime Environment JBR-11.0.12.7-1504.28-jcef (11.0.12+7) (build 11.0.12+7-b1504.28)
# Java VM: OpenJDK 64-Bit Server VM JBR-11.0.12.7-1504.28-jcef (11.0.12+7-b1504.28, mixed mode, tiered, compressed oops, g1 gc, windows-amd64)
Heap:
 garbage-first heap   total 513024K, used 160140K [0x00000000c0a00000, 0x0000000100000000)
  region size 1024K, 2 young (2048K), 2 survivors (2048K)
 Metaspace       used 44739K, capacity 45478K, committed 45616K, reserved 1089536K
  class space    used 4698K, capacity 4992K, committed 4992K, reserved 1048576K
GC Heap History (20 events):
Event: 10.529 GC heap after
{Heap after GC invocations=25 (full 0):
 garbage-first heap   total 172032K, used 138778K [0x00000000c0a00000, 0x0000000100000000)
  region size 1024K, 1 young (1024K), 1 survivors (1024K)
 Metaspace       used 32325K, capacity 32992K, committed 33328K, reserved 1079296K
  class space    used 3590K, capacity 3841K, committed 3968K, reserved 1048576K
}
Event: 10.754 GC heap before
{Heap before GC invocations=26 (full 0):
 garbage-first heap   total 172032K, used 145946K [0x00000000c0a00000, 0x0000000100000000)
  region size 1024K, 8 young (8192K), 1 survivors (1024K)
 Metaspace       used 32889K, capacity 33536K, committed 33840K, reserved 1079296K
  class space    used 3616K, capacity 3873K, committed 3968K, reserved 1048576K
}
Event: 10.767 GC heap after
{Heap after GC invocations=27 (full 0):
 garbage-first heap   total 172032K, used 142336K [0x00000000c0a00000, 0x0000000100000000)
  region size 1024K, 1 young (1024K), 1 survivors (1024K)
 Metaspace       used 32889K, capacity 33536K, committed 33840K, reserved 1079296K
  class space    used 3616K, capacity 3873K, committed 3968K, reserved 1048576K
}
Event: 10.889 GC heap before
{Heap before GC invocations=27 (full 0):
 garbage-first heap   total 172032K, used 149504K [0x00000000c0a00000, 0x0000000100000000)
  region size 1024K, 8 young (8192K), 1 survivors (1024K)
 Metaspace       used 33050K, capacity 33728K, committed 33840K, reserved 1079296K
  class space    used 3626K, capacity 3873K, committed 3968K, reserved 1048576K
}
Event: 10.903 GC heap after
{Heap after GC invocations=28 (full 0):
 garbage-first heap   total 216064K, used 146577K [0x00000000c0a00000, 0x0000000100000000)
  region size 1024K, 1 young (1024K), 1 survivors (1024K)
 Metaspace       used 33050K, capacity 33728K, committed 33840K, reserved 1079296K
  class space    used 3626K, capacity 3873K, committed 3968K, reserved 1048576K
}
Event: 11.215 GC heap before
{Heap before GC invocations=28 (full 0):
 garbage-first heap   total 216064K, used 130193K [0x00000000c0a00000, 0x0000000100000000)
  region size 1024K, 16 young (16384K), 1 survivors (1024K)
 Metaspace       used 33289K, capacity 33952K, committed 34096K, reserved 1079296K
  class space    used 3643K, capacity 3905K, committed 3968K, reserved 1048576K
}
Event: 11.239 GC heap after
{Heap after GC invocations=29 (full 0):
 garbage-first heap   total 216064K, used 124091K [0x00000000c0a00000, 0x0000000100000000)
  region size 1024K, 2 young (2048K), 2 survivors (2048K)
 Metaspace       used 33289K, capacity 33952K, committed 34096K, reserved 1079296K
  class space    used 3643K, capacity 3905K, committed 3968K, reserved 1048576K
}
Event: 11.563 GC heap before
{Heap before GC invocations=30 (full 0):
 garbage-first heap   total 216064K, used 146619K [0x00000000c0a00000, 0x0000000100000000)
  region size 1024K, 24 young (24576K), 2 survivors (2048K)
 Metaspace       used 33480K, capacity 34146K, committed 34352K, reserved 1079296K
  class space    used 3656K, capacity 3905K, committed 3968K, reserved 1048576K
}
Event: 11.598 GC heap after
{Heap after GC invocations=31 (full 0):
 garbage-first heap   total 216064K, used 137216K [0x00000000c0a00000, 0x0000000100000000)
  region size 1024K, 3 young (3072K), 3 survivors (3072K)
 Metaspace       used 33480K, capacity 34146K, committed 34352K, reserved 1079296K
  class space    used 3656K, capacity 3905K, committed 3968K, reserved 1048576K
}
Event: 11.883 GC heap before
{Heap before GC invocations=31 (full 0):
 garbage-first heap   total 216064K, used 157696K [0x00000000c0a00000, 0x0000000100000000)
  region size 1024K, 23 young (23552K), 3 survivors (3072K)
 Metaspace       used 33769K, capacity 34440K, committed 34608K, reserved 1079296K
  class space    used 3684K, capacity 3938K, committed 3968K, reserved 1048576K
}
Event: 11.918 GC heap after
{Heap after GC invocations=32 (full 0):
 garbage-first heap   total 216064K, used 147968K [0x00000000c0a00000, 0x0000000100000000)
  region size 1024K, 3 young (3072K), 3 survivors (3072K)
 Metaspace       used 33769K, capacity 34440K, committed 34608K, reserved 1079296K
  class space    used 3684K, capacity 3938K, committed 3968K, reserved 1048576K
}
Event: 12.774 GC heap before
{Heap before GC invocations=33 (full 0):
 garbage-first heap   total 216064K, used 161280K [0x00000000c0a00000, 0x0000000100000000)
  region size 1024K, 20 young (20480K), 3 survivors (3072K)
 Metaspace       used 37684K, capacity 38319K, committed 38448K, reserved 1083392K
  class space    used 4150K, capacity 4398K, committed 4480K, reserved 1048576K
}
Event: 12.850 GC heap after
{Heap after GC invocations=34 (full 0):
 garbage-first heap   total 380928K, used 147960K [0x00000000c0a00000, 0x0000000100000000)
  region size 1024K, 3 young (3072K), 3 survivors (3072K)
 Metaspace       used 37684K, capacity 38319K, committed 38448K, reserved 1083392K
  class space    used 4150K, capacity 4398K, committed 4480K, reserved 1048576K
}
Event: 13.747 GC heap before
{Heap before GC invocations=34 (full 0):
 garbage-first heap   total 380928K, used 181752K [0x00000000c0a00000, 0x0000000100000000)
  region size 1024K, 18 young (18432K), 3 survivors (3072K)
 Metaspace       used 39978K, capacity 40719K, committed 40880K, reserved 1085440K
  class space    used 4336K, capacity 4600K, committed 4608K, reserved 1048576K
}
Event: 13.823 GC heap after
{Heap after GC invocations=35 (full 0):
 garbage-first heap   total 380928K, used 143614K [0x00000000c0a00000, 0x0000000100000000)
  region size 1024K, 3 young (3072K), 3 survivors (3072K)
 Metaspace       used 39978K, capacity 40719K, committed 40880K, reserved 1085440K
  class space    used 4336K, capacity 4600K, committed 4608K, reserved 1048576K
}
Event: 17.032 GC heap before
{Heap before GC invocations=35 (full 0):
 garbage-first heap   total 380928K, used 209150K [0x00000000c0a00000, 0x0000000100000000)
  region size 1024K, 62 young (63488K), 3 survivors (3072K)
 Metaspace       used 43620K, capacity 44376K, committed 44592K, reserved 1089536K
  class space    used 4639K, capacity 4924K, committed 4992K, reserved 1048576K
}
Event: 17.124 GC heap after
{Heap after GC invocations=36 (full 0):
 garbage-first heap   total 380928K, used 151049K [0x00000000c0a00000, 0x0000000100000000)
  region size 1024K, 8 young (8192K), 8 survivors (8192K)
 Metaspace       used 43620K, capacity 44376K, committed 44592K, reserved 1089536K
  class space    used 4639K, capacity 4924K, committed 4992K, reserved 1048576K
}
Event: 18.408 GC heap before
{Heap before GC invocations=36 (full 0):
 garbage-first heap   total 380928K, used 171529K [0x00000000c0a00000, 0x0000000100000000)
  region size 1024K, 28 young (28672K), 8 survivors (8192K)
 Metaspace       used 44461K, capacity 45222K, committed 45360K, reserved 1089536K
  class space    used 4685K, capacity 4992K, committed 4992K, reserved 1048576K
}
Event: 18.488 GC heap after
{Heap after GC invocations=37 (full 0):
 garbage-first heap   total 380928K, used 157611K [0x00000000c0a00000, 0x0000000100000000)
  region size 1024K, 4 young (4096K), 4 survivors (4096K)
 Metaspace       used 44461K, capacity 45222K, committed 45360K, reserved 1089536K
  class space    used 4685K, capacity 4992K, committed 4992K, reserved 1048576K
}
Event: 19.675 GC heap before
{Heap before GC invocations=37 (full 0):
 garbage-first heap   total 380928K, used 184235K [0x00000000c0a00000, 0x0000000100000000)
  region size 1024K, 30 young (30720K), 4 survivors (4096K)
 Metaspace       used 44739K, capacity 45478K, committed 45616K, reserved 1089536K
  class space    used 4698K, capacity 4992K, committed 4992K, reserved 1048576K
}

